# JRE version: Java(TM) SE Runtime Environment (8.0_241-b07) (build 1.8.0_241-b07)
# Java VM: Java HotSpot(TM) 64-Bit Server VM (25.241-b07 mixed mode windows-amd64 compressed oops)
Heap:
 PSYoungGen      total 179712K, used 21561K [0x00000000d6180000, 0x00000000e3a80000, 0x0000000100000000)
  eden space 163840K, 3% used [0x00000000d6180000,0x00000000d6714488,0x00000000e0180000)
  from space 15872K, 99% used [0x00000000e0180000,0x00000000e10fa2b0,0x00000000e1100000)
  to   space 15872K, 0% used [0x00000000e1100000,0x00000000e1100000,0x00000000e2080000)
 ParOldGen       total 86528K, used 21046K [0x0000000082400000, 0x0000000087880000, 0x00000000d6180000)
  object space 86528K, 24% used [0x0000000082400000,0x000000008388da40,0x0000000087880000)
 Metaspace       used 56007K, capacity 58340K, committed 58416K, reserved 1099776K
  class space    used 7571K, capacity 7962K, committed 7984K, reserved 1048576K
GC Heap History (10 events):
Event: 2.007 GC heap before
{Heap before GC invocations=7 (full 1):
 PSYoungGen      total 70656K, used 65475K [0x00000000d6180000, 0x00000000dfb80000, 0x0000000100000000)
  eden space 65536K, 99% used [0x00000000d6180000,0x00000000da170df0,0x00000000da180000)
  from space 5120K, 0% used [0x00000000da180000,0x00000000da180000,0x00000000da680000)
  to   space 13312K, 0% used [0x00000000dee80000,0x00000000dee80000,0x00000000dfb80000)
 ParOldGen       total 60416K, used 7548K [0x0000000082400000, 0x0000000085f00000, 0x00000000d6180000)
  object space 60416K, 12% used [0x0000000082400000,0x0000000082b5f148,0x0000000085f00000)
 Metaspace       used 23710K, capacity 24468K, committed 24496K, reserved 1071104K
  class space    used 3036K, capacity 3240K, committed 3248K, reserved 1048576K
Event: 2.014 GC heap after
Heap after GC invocations=7 (full 1):
 PSYoungGen      total 109056K, used 3448K [0x00000000d6180000, 0x00000000df200000, 0x0000000100000000)
  eden space 105472K, 0% used [0x00000000d6180000,0x00000000d6180000,0x00000000dc880000)
  from space 3584K, 96% used [0x00000000dee80000,0x00000000df1de030,0x00000000df200000)
  to   space 13312K, 0% used [0x00000000dd800000,0x00000000dd800000,0x00000000de500000)
 ParOldGen       total 60416K, used 7620K [0x0000000082400000, 0x0000000085f00000, 0x00000000d6180000)
  object space 60416K, 12% used [0x0000000082400000,0x0000000082b71158,0x0000000085f00000)
 Metaspace       used 23710K, capacity 24468K, committed 24496K, reserved 1071104K
  class space    used 3036K, capacity 3240K, committed 3248K, reserved 1048576K
}
Event: 4.124 GC heap before
{Heap before GC invocations=8 (full 1):
 PSYoungGen      total 109056K, used 108920K [0x00000000d6180000, 0x00000000df200000, 0x0000000100000000)
  eden space 105472K, 100% used [0x00000000d6180000,0x00000000dc880000,0x00000000dc880000)
  from space 3584K, 96% used [0x00000000dee80000,0x00000000df1de030,0x00000000df200000)
  to   space 13312K, 0% used [0x00000000dd800000,0x00000000dd800000,0x00000000de500000)
 ParOldGen       total 60416K, used 7620K [0x0000000082400000, 0x0000000085f00000, 0x00000000d6180000)
  object space 60416K, 12% used [0x0000000082400000,0x0000000082b71158,0x0000000085f00000)
 Metaspace       used 32265K, capacity 33776K, committed 33968K, reserved 1079296K
  class space    used 4148K, capacity 4440K, committed 4528K, reserved 1048576K
Event: 4.138 GC heap after
Heap after GC invocations=8 (full 1):
 PSYoungGen      total 134656K, used 13302K [0x00000000d6180000, 0x00000000e2080000, 0x0000000100000000)
  eden space 121344K, 0% used [0x00000000d6180000,0x00000000d6180000,0x00000000dd800000)
  from space 13312K, 99% used [0x00000000dd800000,0x00000000de4fd898,0x00000000de500000)
  to   space 15872K, 0% used [0x00000000e1100000,0x00000000e1100000,0x00000000e2080000)
 ParOldGen       total 60416K, used 8359K [0x0000000082400000, 0x0000000085f00000, 0x00000000d6180000)
  object space 60416K, 13% used [0x0000000082400000,0x0000000082c29e28,0x0000000085f00000)
 Metaspace       used 32265K, capacity 33776K, committed 33968K, reserved 1079296K
  class space    used 4148K, capacity 4440K, committed 4528K, reserved 1048576K
}
Event: 4.495 GC heap before
{Heap before GC invocations=9 (full 1):
 PSYoungGen      total 134656K, used 67056K [0x00000000d6180000, 0x00000000e2080000, 0x0000000100000000)
  eden space 121344K, 44% used [0x00000000d6180000,0x00000000d95fe820,0x00000000dd800000)
  from space 13312K, 99% used [0x00000000dd800000,0x00000000de4fd898,0x00000000de500000)
  to   space 15872K, 0% used [0x00000000e1100000,0x00000000e1100000,0x00000000e2080000)
 ParOldGen       total 60416K, used 8359K [0x0000000082400000, 0x0000000085f00000, 0x00000000d6180000)
  object space 60416K, 13% used [0x0000000082400000,0x0000000082c29e28,0x0000000085f00000)
 Metaspace       used 33761K, capacity 35378K, committed 35496K, reserved 1081344K
  class space    used 4329K, capacity 4635K, committed 4656K, reserved 1048576K
Event: 4.506 GC heap after
Heap after GC invocations=9 (full 1):
 PSYoungGen      total 179712K, used 9716K [0x00000000d6180000, 0x00000000e3a80000, 0x0000000100000000)
  eden space 163840K, 0% used [0x00000000d6180000,0x00000000d6180000,0x00000000e0180000)
  from space 15872K, 61% used [0x00000000e1100000,0x00000000e1a7d1b8,0x00000000e2080000)
  to   space 15872K, 0% used [0x00000000e0180000,0x00000000e0180000,0x00000000e1100000)
 ParOldGen       total 60416K, used 8367K [0x0000000082400000, 0x0000000085f00000, 0x00000000d6180000)
  object space 60416K, 13% used [0x0000000082400000,0x0000000082c2be28,0x0000000085f00000)
 Metaspace       used 33761K, capacity 35378K, committed 35496K, reserved 1081344K
  class space    used 4329K, capacity 4635K, committed 4656K, reserved 1048576K
}
Event: 4.506 GC heap before
{Heap before GC invocations=10 (full 2):
 PSYoungGen      total 179712K, used 9716K [0x00000000d6180000, 0x00000000e3a80000, 0x0000000100000000)
  eden space 163840K, 0% used [0x00000000d6180000,0x00000000d6180000,0x00000000e0180000)
  from space 15872K, 61% used [0x00000000e1100000,0x00000000e1a7d1b8,0x00000000e2080000)
  to   space 15872K, 0% used [0x00000000e0180000,0x00000000e0180000,0x00000000e1100000)
 ParOldGen       total 60416K, used 8367K [0x0000000082400000, 0x0000000085f00000, 0x00000000d6180000)
  object space 60416K, 13% used [0x0000000082400000,0x0000000082c2be28,0x0000000085f00000)
 Metaspace       used 33761K, capacity 35378K, committed 35496K, reserved 1081344K
  class space    used 4329K, capacity 4635K, committed 4656K, reserved 1048576K
Event: 4.577 GC heap after
Heap after GC invocations=10 (full 2):
 PSYoungGen      total 179712K, used 0K [0x00000000d6180000, 0x00000000e3a80000, 0x0000000100000000)
  eden space 163840K, 0% used [0x00000000d6180000,0x00000000d6180000,0x00000000e0180000)
  from space 15872K, 0% used [0x00000000e1100000,0x00000000e1100000,0x00000000e2080000)
  to   space 15872K, 0% used [0x00000000e0180000,0x00000000e0180000,0x00000000e1100000)
 ParOldGen       total 86528K, used 13852K [0x0000000082400000, 0x0000000087880000, 0x00000000d6180000)
  object space 86528K, 16% used [0x0000000082400000,0x0000000083187068,0x0000000087880000)
 Metaspace       used 33761K, capacity 35378K, committed 35496K, reserved 1081344K
  class space    used 4329K, capacity 4635K, committed 4656K, reserved 1048576K
}
Event: 7.237 GC heap before
{Heap before GC invocations=11 (full 2):
 PSYoungGen      total 179712K, used 163840K [0x00000000d6180000, 0x00000000e3a80000, 0x0000000100000000)
  eden space 163840K, 100% used [0x00000000d6180000,0x00000000e0180000,0x00000000e0180000)
  from space 15872K, 0% used [0x00000000e1100000,0x00000000e1100000,0x00000000e2080000)
  to   space 15872K, 0% used [0x00000000e0180000,0x00000000e0180000,0x00000000e1100000)
 ParOldGen       total 86528K, used 13852K [0x0000000082400000, 0x0000000087880000, 0x00000000d6180000)
  object space 86528K, 16% used [0x0000000082400000,0x0000000083187068,0x0000000087880000)
 Metaspace       used 55315K, capacity 57606K, committed 57904K, reserved 1099776K
  class space    used 7481K, capacity 7879K, committed 7984K, reserved 1048576K
Event: 7.262 GC heap after
Heap after GC invocations=11 (full 2):
 PSYoungGen      total 179712K, used 15848K [0x00000000d6180000, 0x00000000e3a80000, 0x0000000100000000)
  eden space 163840K, 0% used [0x00000000d6180000,0x00000000d6180000,0x00000000e0180000)
  from space 15872K, 99% used [0x00000000e0180000,0x00000000e10fa2b0,0x00000000e1100000)
  to   space 15872K, 0% used [0x00000000e1100000,0x00000000e1100000,0x00000000e2080000)
 ParOldGen       total 86528K, used 21046K [0x0000000082400000, 0x0000000087880000, 0x00000000d6180000)
  object space 86528K, 24% used [0x0000000082400000,0x000000008388da40,0x0000000087880000)
 Metaspace       used 55315K, capacity 57606K, committed 57904K, reserved 1099776K
  class space    used 7481K, capacity 7879K, committed 7984K, reserved 1048576K
}

