# JRE version: Java(TM) SE Runtime Environment (8.0_241-b07) (build 1.8.0_241-b07)
# Java VM: Java HotSpot(TM) 64-Bit Server VM (25.241-b07 mixed mode windows-amd64 compressed oops)
Heap:
 PSYoungGen      total 139264K, used 63597K [0x00000000d6180000, 0x00000000e1f80000, 0x0000000100000000)
  eden space 126976K, 40% used [0x00000000d6180000,0x00000000d93a2248,0x00000000ddd80000)
  from space 12288K, 99% used [0x00000000ddd80000,0x00000000de979488,0x00000000de980000)
  to   space 15872K, 0% used [0x00000000e1000000,0x00000000e1000000,0x00000000e1f80000)
 ParOldGen       total 64512K, used 15738K [0x0000000082400000, 0x0000000086300000, 0x00000000d6180000)
  object space 64512K, 24% used [0x0000000082400000,0x000000008335e800,0x0000000086300000)
 Metaspace       used 32686K, capacity 34210K, committed 34480K, reserved 1079296K
  class space    used 4194K, capacity 4477K, committed 4528K, reserved 1048576K
GC Heap History (10 events):
Event: 1.508 GC heap before
{Heap before GC invocations=4 (full 0):
 PSYoungGen      total 37888K, used 37885K [0x00000000d6180000, 0x00000000dab80000, 0x0000000100000000)
  eden space 32768K, 100% used [0x00000000d6180000,0x00000000d8180000,0x00000000d8180000)
  from space 5120K, 99% used [0x00000000d8180000,0x00000000d867f4e8,0x00000000d8680000)
  to   space 5120K, 0% used [0x00000000da680000,0x00000000da680000,0x00000000dab80000)
 ParOldGen       total 86016K, used 3116K [0x0000000082400000, 0x0000000087800000, 0x00000000d6180000)
  object space 86016K, 3% used [0x0000000082400000,0x000000008270b110,0x0000000087800000)
 Metaspace       used 20008K, capacity 20642K, committed 20736K, reserved 1067008K
  class space    used 2590K, capacity 2733K, committed 2816K, reserved 1048576K
Event: 1.517 GC heap after
Heap after GC invocations=4 (full 0):
 PSYoungGen      total 70656K, used 5096K [0x00000000d6180000, 0x00000000dab80000, 0x0000000100000000)
  eden space 65536K, 0% used [0x00000000d6180000,0x00000000d6180000,0x00000000da180000)
  from space 5120K, 99% used [0x00000000da680000,0x00000000dab7a170,0x00000000dab80000)
  to   space 5120K, 0% used [0x00000000da180000,0x00000000da180000,0x00000000da680000)
 ParOldGen       total 86016K, used 8990K [0x0000000082400000, 0x0000000087800000, 0x00000000d6180000)
  object space 86016K, 10% used [0x0000000082400000,0x0000000082cc7b00,0x0000000087800000)
 Metaspace       used 20008K, capacity 20642K, committed 20736K, reserved 1067008K
  class space    used 2590K, capacity 2733K, committed 2816K, reserved 1048576K
}
Event: 1.623 GC heap before
{Heap before GC invocations=5 (full 0):
 PSYoungGen      total 70656K, used 26487K [0x00000000d6180000, 0x00000000dab80000, 0x0000000100000000)
  eden space 65536K, 32% used [0x00000000d6180000,0x00000000d7663bf8,0x00000000da180000)
  from space 5120K, 99% used [0x00000000da680000,0x00000000dab7a170,0x00000000dab80000)
  to   space 5120K, 0% used [0x00000000da180000,0x00000000da180000,0x00000000da680000)
 ParOldGen       total 86016K, used 8990K [0x0000000082400000, 0x0000000087800000, 0x00000000d6180000)
  object space 86016K, 10% used [0x0000000082400000,0x0000000082cc7b00,0x0000000087800000)
 Metaspace       used 20629K, capacity 21216K, committed 21296K, reserved 1067008K
  class space    used 2672K, capacity 2834K, committed 2864K, reserved 1048576K
Event: 1.631 GC heap after
Heap after GC invocations=5 (full 0):
 PSYoungGen      total 70656K, used 5114K [0x00000000d6180000, 0x00000000dfa80000, 0x0000000100000000)
  eden space 65536K, 0% used [0x00000000d6180000,0x00000000d6180000,0x00000000da180000)
  from space 5120K, 99% used [0x00000000da180000,0x00000000da67e810,0x00000000da680000)
  to   space 12800K, 0% used [0x00000000dee00000,0x00000000dee00000,0x00000000dfa80000)
 ParOldGen       total 86016K, used 14508K [0x0000000082400000, 0x0000000087800000, 0x00000000d6180000)
  object space 86016K, 16% used [0x0000000082400000,0x000000008322b3a0,0x0000000087800000)
 Metaspace       used 20629K, capacity 21216K, committed 21296K, reserved 1067008K
  class space    used 2672K, capacity 2834K, committed 2864K, reserved 1048576K
}
Event: 1.631 GC heap before
{Heap before GC invocations=6 (full 1):
 PSYoungGen      total 70656K, used 5114K [0x00000000d6180000, 0x00000000dfa80000, 0x0000000100000000)
  eden space 65536K, 0% used [0x00000000d6180000,0x00000000d6180000,0x00000000da180000)
  from space 5120K, 99% used [0x00000000da180000,0x00000000da67e810,0x00000000da680000)
  to   space 12800K, 0% used [0x00000000dee00000,0x00000000dee00000,0x00000000dfa80000)
 ParOldGen       total 86016K, used 14508K [0x0000000082400000, 0x0000000087800000, 0x00000000d6180000)
  object space 86016K, 16% used [0x0000000082400000,0x000000008322b3a0,0x0000000087800000)
 Metaspace       used 20629K, capacity 21216K, committed 21296K, reserved 1067008K
  class space    used 2672K, capacity 2834K, committed 2864K, reserved 1048576K
Event: 1.664 GC heap after
Heap after GC invocations=6 (full 1):
 PSYoungGen      total 70656K, used 0K [0x00000000d6180000, 0x00000000dfa80000, 0x0000000100000000)
  eden space 65536K, 0% used [0x00000000d6180000,0x00000000d6180000,0x00000000da180000)
  from space 5120K, 0% used [0x00000000da180000,0x00000000da180000,0x00000000da680000)
  to   space 12800K, 0% used [0x00000000dee00000,0x00000000dee00000,0x00000000dfa80000)
 ParOldGen       total 64512K, used 11916K [0x0000000082400000, 0x0000000086300000, 0x00000000d6180000)
  object space 64512K, 18% used [0x0000000082400000,0x0000000082fa30d8,0x0000000086300000)
 Metaspace       used 20627K, capacity 21210K, committed 21296K, reserved 1067008K
  class space    used 2671K, capacity 2833K, committed 2864K, reserved 1048576K
}
Event: 2.078 GC heap before
{Heap before GC invocations=7 (full 1):
 PSYoungGen      total 70656K, used 65521K [0x00000000d6180000, 0x00000000dfa80000, 0x0000000100000000)
  eden space 65536K, 99% used [0x00000000d6180000,0x00000000da17c720,0x00000000da180000)
  from space 5120K, 0% used [0x00000000da180000,0x00000000da180000,0x00000000da680000)
  to   space 12800K, 0% used [0x00000000dee00000,0x00000000dee00000,0x00000000dfa80000)
 ParOldGen       total 64512K, used 11916K [0x0000000082400000, 0x0000000086300000, 0x00000000d6180000)
  object space 64512K, 18% used [0x0000000082400000,0x0000000082fa30d8,0x0000000086300000)
 Metaspace       used 23726K, capacity 24472K, committed 24496K, reserved 1071104K
  class space    used 3040K, capacity 3240K, committed 3248K, reserved 1048576K
Event: 2.084 GC heap after
Heap after GC invocations=7 (full 1):
 PSYoungGen      total 112640K, used 7230K [0x00000000d6180000, 0x00000000df580000, 0x0000000100000000)
  eden space 104960K, 0% used [0x00000000d6180000,0x00000000d6180000,0x00000000dc800000)
  from space 7680K, 94% used [0x00000000dee00000,0x00000000df50f940,0x00000000df580000)
  to   space 12288K, 0% used [0x00000000ddd80000,0x00000000ddd80000,0x00000000de980000)
 ParOldGen       total 64512K, used 11988K [0x0000000082400000, 0x0000000086300000, 0x00000000d6180000)
  object space 64512K, 18% used [0x0000000082400000,0x0000000082fb50e8,0x0000000086300000)
 Metaspace       used 23726K, capacity 24472K, committed 24496K, reserved 1071104K
  class space    used 3040K, capacity 3240K, committed 3248K, reserved 1048576K
}
Event: 3.999 GC heap before
{Heap before GC invocations=8 (full 1):
 PSYoungGen      total 112640K, used 112190K [0x00000000d6180000, 0x00000000df580000, 0x0000000100000000)
  eden space 104960K, 100% used [0x00000000d6180000,0x00000000dc800000,0x00000000dc800000)
  from space 7680K, 94% used [0x00000000dee00000,0x00000000df50f940,0x00000000df580000)
  to   space 12288K, 0% used [0x00000000ddd80000,0x00000000ddd80000,0x00000000de980000)
 ParOldGen       total 64512K, used 11988K [0x0000000082400000, 0x0000000086300000, 0x00000000d6180000)
  object space 64512K, 18% used [0x0000000082400000,0x0000000082fb50e8,0x0000000086300000)
 Metaspace       used 31172K, capacity 32754K, committed 32816K, reserved 1077248K
  class space    used 4028K, capacity 4339K, committed 4400K, reserved 1048576K
Event: 4.013 GC heap after
Heap after GC invocations=8 (full 1):
 PSYoungGen      total 139264K, used 12261K [0x00000000d6180000, 0x00000000e1f80000, 0x0000000100000000)
  eden space 126976K, 0% used [0x00000000d6180000,0x00000000d6180000,0x00000000ddd80000)
  from space 12288K, 99% used [0x00000000ddd80000,0x00000000de979488,0x00000000de980000)
  to   space 15872K, 0% used [0x00000000e1000000,0x00000000e1000000,0x00000000e1f80000)
 ParOldGen       total 64512K, used 15738K [0x0000000082400000, 0x0000000086300000, 0x00000000d6180000)
  object space 64512K, 24% used [0x0000000082400000,0x000000008335e800,0x0000000086300000)
 Metaspace       used 31172K, capacity 32754K, committed 32816K, reserved 1077248K
  class space    used 4028K, capacity 4339K, committed 4400K, reserved 1048576K
}

