# JRE version: Java(TM) SE Runtime Environment (8.0_241-b07) (build 1.8.0_241-b07)
# Java VM: Java HotSpot(TM) 64-Bit Server VM (25.241-b07 mixed mode windows-amd64 compressed oops)
Heap:
 PSYoungGen      total 251904K, used 120324K [0x00000000d6180000, 0x00000000e7480000, 0x0000000100000000)
  eden space 230912K, 52% used [0x00000000d6180000,0x00000000dd701318,0x00000000e4300000)
  from space 20992K, 0% used [0x00000000e5700000,0x00000000e5700000,0x00000000e6b80000)
  to   space 20480K, 0% used [0x00000000e4300000,0x00000000e4300000,0x00000000e5700000)
 ParOldGen       total 106496K, used 19149K [0x0000000082400000, 0x0000000088c00000, 0x00000000d6180000)
  object space 106496K, 17% used [0x0000000082400000,0x00000000836b3720,0x0000000088c00000)
 Metaspace       used 60788K, capacity 63484K, committed 63664K, reserved 1103872K
  class space    used 8075K, capacity 8552K, committed 8624K, reserved 1048576K
GC Heap History (10 events):
Event: 5.137 GC heap before
{Heap before GC invocations=9 (full 1):
 PSYoungGen      total 135168K, used 64801K [0x00000000d6180000, 0x00000000e2a00000, 0x0000000100000000)
  eden space 123392K, 42% used [0x00000000d6180000,0x00000000d9549438,0x00000000dda00000)
  from space 11776K, 99% used [0x00000000dda00000,0x00000000de57f230,0x00000000de580000)
  to   space 15360K, 0% used [0x00000000e1b00000,0x00000000e1b00000,0x00000000e2a00000)
 ParOldGen       total 54272K, used 7538K [0x0000000082400000, 0x0000000085900000, 0x00000000d6180000)
  object space 54272K, 13% used [0x0000000082400000,0x0000000082b5c800,0x0000000085900000)
 Metaspace       used 33751K, capacity 35378K, committed 35496K, reserved 1081344K
  class space    used 4332K, capacity 4635K, committed 4656K, reserved 1048576K
Event: 5.156 GC heap after
Heap after GC invocations=9 (full 1):
 PSYoungGen      total 189952K, used 9899K [0x00000000d6180000, 0x00000000e4280000, 0x0000000100000000)
  eden space 174592K, 0% used [0x00000000d6180000,0x00000000d6180000,0x00000000e0c00000)
  from space 15360K, 64% used [0x00000000e1b00000,0x00000000e24aace0,0x00000000e2a00000)
  to   space 15360K, 0% used [0x00000000e0c00000,0x00000000e0c00000,0x00000000e1b00000)
 ParOldGen       total 54272K, used 7546K [0x0000000082400000, 0x0000000085900000, 0x00000000d6180000)
  object space 54272K, 13% used [0x0000000082400000,0x0000000082b5e800,0x0000000085900000)
 Metaspace       used 33751K, capacity 35378K, committed 35496K, reserved 1081344K
  class space    used 4332K, capacity 4635K, committed 4656K, reserved 1048576K
}
Event: 5.156 GC heap before
{Heap before GC invocations=10 (full 2):
 PSYoungGen      total 189952K, used 9899K [0x00000000d6180000, 0x00000000e4280000, 0x0000000100000000)
  eden space 174592K, 0% used [0x00000000d6180000,0x00000000d6180000,0x00000000e0c00000)
  from space 15360K, 64% used [0x00000000e1b00000,0x00000000e24aace0,0x00000000e2a00000)
  to   space 15360K, 0% used [0x00000000e0c00000,0x00000000e0c00000,0x00000000e1b00000)
 ParOldGen       total 54272K, used 7546K [0x0000000082400000, 0x0000000085900000, 0x00000000d6180000)
  object space 54272K, 13% used [0x0000000082400000,0x0000000082b5e800,0x0000000085900000)
 Metaspace       used 33751K, capacity 35378K, committed 35496K, reserved 1081344K
  class space    used 4332K, capacity 4635K, committed 4656K, reserved 1048576K
Event: 5.230 GC heap after
Heap after GC invocations=10 (full 2):
 PSYoungGen      total 189952K, used 0K [0x00000000d6180000, 0x00000000e4280000, 0x0000000100000000)
  eden space 174592K, 0% used [0x00000000d6180000,0x00000000d6180000,0x00000000e0c00000)
  from space 15360K, 0% used [0x00000000e1b00000,0x00000000e1b00000,0x00000000e2a00000)
  to   space 15360K, 0% used [0x00000000e0c00000,0x00000000e0c00000,0x00000000e1b00000)
 ParOldGen       total 81408K, used 14056K [0x0000000082400000, 0x0000000087380000, 0x00000000d6180000)
  object space 81408K, 17% used [0x0000000082400000,0x00000000831ba0a8,0x0000000087380000)
 Metaspace       used 33751K, capacity 35378K, committed 35496K, reserved 1081344K
  class space    used 4332K, capacity 4635K, committed 4656K, reserved 1048576K
}
Event: 8.551 GC heap before
{Heap before GC invocations=11 (full 2):
 PSYoungGen      total 189952K, used 174592K [0x00000000d6180000, 0x00000000e4280000, 0x0000000100000000)
  eden space 174592K, 100% used [0x00000000d6180000,0x00000000e0c00000,0x00000000e0c00000)
  from space 15360K, 0% used [0x00000000e1b00000,0x00000000e1b00000,0x00000000e2a00000)
  to   space 15360K, 0% used [0x00000000e0c00000,0x00000000e0c00000,0x00000000e1b00000)
 ParOldGen       total 81408K, used 14056K [0x0000000082400000, 0x0000000087380000, 0x00000000d6180000)
  object space 81408K, 17% used [0x0000000082400000,0x00000000831ba0a8,0x0000000087380000)
 Metaspace       used 56432K, capacity 58832K, committed 59056K, reserved 1099776K
  class space    used 7597K, capacity 8006K, committed 8112K, reserved 1048576K
Event: 8.577 GC heap after
Heap after GC invocations=11 (full 2):
 PSYoungGen      total 189952K, used 15328K [0x00000000d6180000, 0x00000000e6b80000, 0x0000000100000000)
  eden space 174592K, 0% used [0x00000000d6180000,0x00000000d6180000,0x00000000e0c00000)
  from space 15360K, 99% used [0x00000000e0c00000,0x00000000e1af8198,0x00000000e1b00000)
  to   space 20992K, 0% used [0x00000000e5700000,0x00000000e5700000,0x00000000e6b80000)
 ParOldGen       total 81408K, used 22626K [0x0000000082400000, 0x0000000087380000, 0x00000000d6180000)
  object space 81408K, 27% used [0x0000000082400000,0x0000000083a18b20,0x0000000087380000)
 Metaspace       used 56432K, capacity 58832K, committed 59056K, reserved 1099776K
  class space    used 7597K, capacity 8006K, committed 8112K, reserved 1048576K
}
Event: 8.744 GC heap before
{Heap before GC invocations=12 (full 2):
 PSYoungGen      total 189952K, used 18414K [0x00000000d6180000, 0x00000000e6b80000, 0x0000000100000000)
  eden space 174592K, 1% used [0x00000000d6180000,0x00000000d6483968,0x00000000e0c00000)
  from space 15360K, 99% used [0x00000000e0c00000,0x00000000e1af8198,0x00000000e1b00000)
  to   space 20992K, 0% used [0x00000000e5700000,0x00000000e5700000,0x00000000e6b80000)
 ParOldGen       total 81408K, used 22626K [0x0000000082400000, 0x0000000087380000, 0x00000000d6180000)
  object space 81408K, 27% used [0x0000000082400000,0x0000000083a18b20,0x0000000087380000)
 Metaspace       used 56673K, capacity 59024K, committed 59160K, reserved 1099776K
  class space    used 7597K, capacity 8006K, committed 8112K, reserved 1048576K
Event: 8.755 GC heap after
Heap after GC invocations=12 (full 2):
 PSYoungGen      total 251904K, used 6696K [0x00000000d6180000, 0x00000000e7480000, 0x0000000100000000)
  eden space 230912K, 0% used [0x00000000d6180000,0x00000000d6180000,0x00000000e4300000)
  from space 20992K, 31% used [0x00000000e5700000,0x00000000e5d8a080,0x00000000e6b80000)
  to   space 20480K, 0% used [0x00000000e4300000,0x00000000e4300000,0x00000000e5700000)
 ParOldGen       total 81408K, used 22642K [0x0000000082400000, 0x0000000087380000, 0x00000000d6180000)
  object space 81408K, 27% used [0x0000000082400000,0x0000000083a1cb30,0x0000000087380000)
 Metaspace       used 56673K, capacity 59024K, committed 59160K, reserved 1099776K
  class space    used 7597K, capacity 8006K, committed 8112K, reserved 1048576K
}
Event: 8.755 GC heap before
{Heap before GC invocations=13 (full 3):
 PSYoungGen      total 251904K, used 6696K [0x00000000d6180000, 0x00000000e7480000, 0x0000000100000000)
  eden space 230912K, 0% used [0x00000000d6180000,0x00000000d6180000,0x00000000e4300000)
  from space 20992K, 31% used [0x00000000e5700000,0x00000000e5d8a080,0x00000000e6b80000)
  to   space 20480K, 0% used [0x00000000e4300000,0x00000000e4300000,0x00000000e5700000)
 ParOldGen       total 81408K, used 22642K [0x0000000082400000, 0x0000000087380000, 0x00000000d6180000)
  object space 81408K, 27% used [0x0000000082400000,0x0000000083a1cb30,0x0000000087380000)
 Metaspace       used 56673K, capacity 59024K, committed 59160K, reserved 1099776K
  class space    used 7597K, capacity 8006K, committed 8112K, reserved 1048576K
Event: 8.930 GC heap after
Heap after GC invocations=13 (full 3):
 PSYoungGen      total 251904K, used 0K [0x00000000d6180000, 0x00000000e7480000, 0x0000000100000000)
  eden space 230912K, 0% used [0x00000000d6180000,0x00000000d6180000,0x00000000e4300000)
  from space 20992K, 0% used [0x00000000e5700000,0x00000000e5700000,0x00000000e6b80000)
  to   space 20480K, 0% used [0x00000000e4300000,0x00000000e4300000,0x00000000e5700000)
 ParOldGen       total 106496K, used 19149K [0x0000000082400000, 0x0000000088c00000, 0x00000000d6180000)
  object space 106496K, 17% used [0x0000000082400000,0x00000000836b3720,0x0000000088c00000)
 Metaspace       used 56673K, capacity 59024K, committed 59160K, reserved 1099776K
  class space    used 7597K, capacity 8006K, committed 8112K, reserved 1048576K
}

