# JRE version: Java(TM) SE Runtime Environment (8.0_241-b07) (build 1.8.0_241-b07)
# Java VM: Java HotSpot(TM) 64-Bit Server VM (25.241-b07 mixed mode windows-amd64 compressed oops)
Heap:
 PSYoungGen      total 178688K, used 23861K [0x00000000d6180000, 0x00000000e3b00000, 0x0000000100000000)
  eden space 163328K, 5% used [0x00000000d6180000,0x00000000d69cfde8,0x00000000e0100000)
  from space 15360K, 99% used [0x00000000e0100000,0x00000000e0ffd840,0x00000000e1000000)
  to   space 14848K, 39% used [0x00000000e1000000,0x00000000e15be070,0x00000000e1e80000)
 ParOldGen       total 82944K, used 21930K [0x0000000082400000, 0x0000000087500000, 0x00000000d6180000)
  object space 82944K, 26% used [0x0000000082400000,0x000000008396ab90,0x0000000087500000)
 Metaspace       used 56653K, capacity 59074K, committed 59160K, reserved 1099776K
  class space    used 7663K, capacity 8087K, committed 8112K, reserved 1048576K
GC Heap History (10 events):
Event: 2.382 GC heap after
Heap after GC invocations=7 (full 1):
 PSYoungGen      total 109056K, used 3455K [0x00000000d6180000, 0x00000000df100000, 0x0000000100000000)
  eden space 105472K, 0% used [0x00000000d6180000,0x00000000d6180000,0x00000000dc880000)
  from space 3584K, 96% used [0x00000000ded80000,0x00000000df0dfd78,0x00000000df100000)
  to   space 12288K, 0% used [0x00000000dd900000,0x00000000dd900000,0x00000000de500000)
 ParOldGen       total 55808K, used 5435K [0x0000000082400000, 0x0000000085a80000, 0x00000000d6180000)
  object space 55808K, 9% used [0x0000000082400000,0x000000008294ec08,0x0000000085a80000)
 Metaspace       used 23718K, capacity 24472K, committed 24496K, reserved 1071104K
  class space    used 3036K, capacity 3240K, committed 3248K, reserved 1048576K
}
Event: 5.114 GC heap before
{Heap before GC invocations=8 (full 1):
 PSYoungGen      total 109056K, used 108927K [0x00000000d6180000, 0x00000000df100000, 0x0000000100000000)
  eden space 105472K, 100% used [0x00000000d6180000,0x00000000dc880000,0x00000000dc880000)
  from space 3584K, 96% used [0x00000000ded80000,0x00000000df0dfd78,0x00000000df100000)
  to   space 12288K, 0% used [0x00000000dd900000,0x00000000dd900000,0x00000000de500000)
 ParOldGen       total 55808K, used 5435K [0x0000000082400000, 0x0000000085a80000, 0x00000000d6180000)
  object space 55808K, 9% used [0x0000000082400000,0x000000008294ec08,0x0000000085a80000)
 Metaspace       used 31935K, capacity 33524K, committed 33712K, reserved 1079296K
  class space    used 4123K, capacity 4440K, committed 4528K, reserved 1048576K
Event: 5.127 GC heap after
Heap after GC invocations=8 (full 1):
 PSYoungGen      total 134656K, used 12256K [0x00000000d6180000, 0x00000000e1e80000, 0x0000000100000000)
  eden space 122368K, 0% used [0x00000000d6180000,0x00000000d6180000,0x00000000dd900000)
  from space 12288K, 99% used [0x00000000dd900000,0x00000000de4f81f0,0x00000000de500000)
  to   space 14848K, 0% used [0x00000000e1000000,0x00000000e1000000,0x00000000e1e80000)
 ParOldGen       total 55808K, used 6816K [0x0000000082400000, 0x0000000085a80000, 0x00000000d6180000)
  object space 55808K, 12% used [0x0000000082400000,0x0000000082aa8068,0x0000000085a80000)
 Metaspace       used 31935K, capacity 33524K, committed 33712K, reserved 1079296K
  class space    used 4123K, capacity 4440K, committed 4528K, reserved 1048576K
}
Event: 5.617 GC heap before
{Heap before GC invocations=9 (full 1):
 PSYoungGen      total 134656K, used 67953K [0x00000000d6180000, 0x00000000e1e80000, 0x0000000100000000)
  eden space 122368K, 45% used [0x00000000d6180000,0x00000000d97e4558,0x00000000dd900000)
  from space 12288K, 99% used [0x00000000dd900000,0x00000000de4f81f0,0x00000000de500000)
  to   space 14848K, 0% used [0x00000000e1000000,0x00000000e1000000,0x00000000e1e80000)
 ParOldGen       total 55808K, used 6816K [0x0000000082400000, 0x0000000085a80000, 0x00000000d6180000)
  object space 55808K, 12% used [0x0000000082400000,0x0000000082aa8068,0x0000000085a80000)
 Metaspace       used 33768K, capacity 35374K, committed 35496K, reserved 1081344K
  class space    used 4332K, capacity 4635K, committed 4656K, reserved 1048576K
Event: 5.630 GC heap after
Heap after GC invocations=9 (full 1):
 PSYoungGen      total 178176K, used 9807K [0x00000000d6180000, 0x00000000e3b00000, 0x0000000100000000)
  eden space 163328K, 0% used [0x00000000d6180000,0x00000000d6180000,0x00000000e0100000)
  from space 14848K, 66% used [0x00000000e1000000,0x00000000e1993d28,0x00000000e1e80000)
  to   space 15360K, 0% used [0x00000000e0100000,0x00000000e0100000,0x00000000e1000000)
 ParOldGen       total 55808K, used 6824K [0x0000000082400000, 0x0000000085a80000, 0x00000000d6180000)
  object space 55808K, 12% used [0x0000000082400000,0x0000000082aaa068,0x0000000085a80000)
 Metaspace       used 33768K, capacity 35374K, committed 35496K, reserved 1081344K
  class space    used 4332K, capacity 4635K, committed 4656K, reserved 1048576K
}
Event: 5.631 GC heap before
{Heap before GC invocations=10 (full 2):
 PSYoungGen      total 178176K, used 9807K [0x00000000d6180000, 0x00000000e3b00000, 0x0000000100000000)
  eden space 163328K, 0% used [0x00000000d6180000,0x00000000d6180000,0x00000000e0100000)
  from space 14848K, 66% used [0x00000000e1000000,0x00000000e1993d28,0x00000000e1e80000)
  to   space 15360K, 0% used [0x00000000e0100000,0x00000000e0100000,0x00000000e1000000)
 ParOldGen       total 55808K, used 6824K [0x0000000082400000, 0x0000000085a80000, 0x00000000d6180000)
  object space 55808K, 12% used [0x0000000082400000,0x0000000082aaa068,0x0000000085a80000)
 Metaspace       used 33768K, capacity 35374K, committed 35496K, reserved 1081344K
  class space    used 4332K, capacity 4635K, committed 4656K, reserved 1048576K
Event: 5.692 GC heap after
Heap after GC invocations=10 (full 2):
 PSYoungGen      total 178176K, used 0K [0x00000000d6180000, 0x00000000e3b00000, 0x0000000100000000)
  eden space 163328K, 0% used [0x00000000d6180000,0x00000000d6180000,0x00000000e0100000)
  from space 14848K, 0% used [0x00000000e1000000,0x00000000e1000000,0x00000000e1e80000)
  to   space 15360K, 0% used [0x00000000e0100000,0x00000000e0100000,0x00000000e1000000)
 ParOldGen       total 82944K, used 14142K [0x0000000082400000, 0x0000000087500000, 0x00000000d6180000)
  object space 82944K, 17% used [0x0000000082400000,0x00000000831cfb28,0x0000000087500000)
 Metaspace       used 33768K, capacity 35374K, committed 35496K, reserved 1081344K
  class space    used 4332K, capacity 4635K, committed 4656K, reserved 1048576K
}
Event: 9.235 GC heap before
{Heap before GC invocations=11 (full 2):
 PSYoungGen      total 178176K, used 163328K [0x00000000d6180000, 0x00000000e3b00000, 0x0000000100000000)
  eden space 163328K, 100% used [0x00000000d6180000,0x00000000e0100000,0x00000000e0100000)
  from space 14848K, 0% used [0x00000000e1000000,0x00000000e1000000,0x00000000e1e80000)
  to   space 15360K, 0% used [0x00000000e0100000,0x00000000e0100000,0x00000000e1000000)
 ParOldGen       total 82944K, used 14142K [0x0000000082400000, 0x0000000087500000, 0x00000000d6180000)
  object space 82944K, 17% used [0x0000000082400000,0x00000000831cfb28,0x0000000087500000)
 Metaspace       used 55333K, capacity 57606K, committed 57904K, reserved 1099776K
  class space    used 7481K, capacity 7879K, committed 7984K, reserved 1048576K
Event: 9.271 GC heap after
Heap after GC invocations=11 (full 2):
 PSYoungGen      total 178688K, used 15350K [0x00000000d6180000, 0x00000000e3b00000, 0x0000000100000000)
  eden space 163328K, 0% used [0x00000000d6180000,0x00000000d6180000,0x00000000e0100000)
  from space 15360K, 99% used [0x00000000e0100000,0x00000000e0ffd840,0x00000000e1000000)
  to   space 14848K, 0% used [0x00000000e1000000,0x00000000e1000000,0x00000000e1e80000)
 ParOldGen       total 82944K, used 21930K [0x0000000082400000, 0x0000000087500000, 0x00000000d6180000)
  object space 82944K, 26% used [0x0000000082400000,0x000000008396ab90,0x0000000087500000)
 Metaspace       used 55333K, capacity 57606K, committed 57904K, reserved 1099776K
  class space    used 7481K, capacity 7879K, committed 7984K, reserved 1048576K
}
Event: 9.511 GC heap before
{Heap before GC invocations=12 (full 2):
 PSYoungGen      total 178688K, used 23861K [0x00000000d6180000, 0x00000000e3b00000, 0x0000000100000000)
  eden space 163328K, 5% used [0x00000000d6180000,0x00000000d69cfde8,0x00000000e0100000)
  from space 15360K, 99% used [0x00000000e0100000,0x00000000e0ffd840,0x00000000e1000000)
  to   space 14848K, 0% used [0x00000000e1000000,0x00000000e1000000,0x00000000e1e80000)
 ParOldGen       total 82944K, used 21930K [0x0000000082400000, 0x0000000087500000, 0x00000000d6180000)
  object space 82944K, 26% used [0x0000000082400000,0x000000008396ab90,0x0000000087500000)
 Metaspace       used 56653K, capacity 59074K, committed 59160K, reserved 1099776K
  class space    used 7663K, capacity 8087K, committed 8112K, reserved 1048576K

